Determining if the Q_WS_X11 exist failed with the following output:
Change Dir: /root/NeuroLetter/GUI/build/CMakeFiles/CMakeTmp

Run Build Command:/usr/bin/make "cmTryCompileExec200656845/fast"
/usr/bin/make -f CMakeFiles/cmTryCompileExec200656845.dir/build.make CMakeFiles/cmTryCompileExec200656845.dir/build
make[1]: Entering directory `/root/NeuroLetter/GUI/build/CMakeFiles/CMakeTmp'
/usr/bin/cmake -E cmake_progress_report /root/NeuroLetter/GUI/build/CMakeFiles/CMakeTmp/CMakeFiles 1
Building CXX object CMakeFiles/cmTryCompileExec200656845.dir/CheckSymbolExists.cxx.o
/usr/bin/c++    -Wall -W -Werror -ansi -pedantic -g   -I/usr/include/qt4    -o CMakeFiles/cmTryCompileExec200656845.dir/CheckSymbolExists.cxx.o -c /root/NeuroLetter/GUI/build/CMakeFiles/CMakeTmp/CheckSymbolExists.cxx
In file included from /root/NeuroLetter/GUI/build/CMakeFiles/CMakeTmp/CheckSymbolExists.cxx:2:0:
/usr/include/qt4/QtCore/qglobal.h:928:1: error: ISO C++ 1998 does not support ‘long long’ [-Werror=long-long]
/usr/include/qt4/QtCore/qglobal.h:929:1: error: ISO C++ 1998 does not support ‘long long’ [-Werror=long-long]
cc1plus: all warnings being treated as errors
make[1]: Leaving directory `/root/NeuroLetter/GUI/build/CMakeFiles/CMakeTmp'
make[1]: *** [CMakeFiles/cmTryCompileExec200656845.dir/CheckSymbolExists.cxx.o] Error 1
make: *** [cmTryCompileExec200656845/fast] Error 2

File /root/NeuroLetter/GUI/build/CMakeFiles/CMakeTmp/CheckSymbolExists.cxx:
/* */
#include <QtCore/qglobal.h>

int main(int argc, char** argv)
{
  (void)argv;
#ifndef Q_WS_X11
  return ((int*)(&Q_WS_X11))[argc];
#else
  (void)argc;
  return 0;
#endif
}

Determining if the Q_WS_WIN exist failed with the following output:
Change Dir: /root/NeuroLetter/GUI/build/CMakeFiles/CMakeTmp

Run Build Command:/usr/bin/make "cmTryCompileExec2028768897/fast"
/usr/bin/make -f CMakeFiles/cmTryCompileExec2028768897.dir/build.make CMakeFiles/cmTryCompileExec2028768897.dir/build
make[1]: Entering directory `/root/NeuroLetter/GUI/build/CMakeFiles/CMakeTmp'
/usr/bin/cmake -E cmake_progress_report /root/NeuroLetter/GUI/build/CMakeFiles/CMakeTmp/CMakeFiles 1
Building CXX object CMakeFiles/cmTryCompileExec2028768897.dir/CheckSymbolExists.cxx.o
/usr/bin/c++    -Wall -W -Werror -ansi -pedantic -g   -I/usr/include/qt4    -o CMakeFiles/cmTryCompileExec2028768897.dir/CheckSymbolExists.cxx.o -c /root/NeuroLetter/GUI/build/CMakeFiles/CMakeTmp/CheckSymbolExists.cxx
In file included from /root/NeuroLetter/GUI/build/CMakeFiles/CMakeTmp/CheckSymbolExists.cxx:2:0:
/usr/include/qt4/QtCore/qglobal.h:928:1: error: ISO C++ 1998 does not support ‘long long’ [-Werror=long-long]
/usr/include/qt4/QtCore/qglobal.h:929:1: error: ISO C++ 1998 does not support ‘long long’ [-Werror=long-long]
/root/NeuroLetter/GUI/build/CMakeFiles/CMakeTmp/CheckSymbolExists.cxx: In function ‘int main(int, char**)’:
/root/NeuroLetter/GUI/build/CMakeFiles/CMakeTmp/CheckSymbolExists.cxx:8:19: error: ‘Q_WS_WIN’ was not declared in this scope
cc1plus: all warnings being treated as errors
make[1]: Leaving directory `/root/NeuroLetter/GUI/build/CMakeFiles/CMakeTmp'
make[1]: *** [CMakeFiles/cmTryCompileExec2028768897.dir/CheckSymbolExists.cxx.o] Error 1
make: *** [cmTryCompileExec2028768897/fast] Error 2

File /root/NeuroLetter/GUI/build/CMakeFiles/CMakeTmp/CheckSymbolExists.cxx:
/* */
#include <QtCore/qglobal.h>

int main(int argc, char** argv)
{
  (void)argv;
#ifndef Q_WS_WIN
  return ((int*)(&Q_WS_WIN))[argc];
#else
  (void)argc;
  return 0;
#endif
}

Determining if the Q_WS_QWS exist failed with the following output:
Change Dir: /root/NeuroLetter/GUI/build/CMakeFiles/CMakeTmp

Run Build Command:/usr/bin/make "cmTryCompileExec1549700/fast"
/usr/bin/make -f CMakeFiles/cmTryCompileExec1549700.dir/build.make CMakeFiles/cmTryCompileExec1549700.dir/build
make[1]: Entering directory `/root/NeuroLetter/GUI/build/CMakeFiles/CMakeTmp'
/usr/bin/cmake -E cmake_progress_report /root/NeuroLetter/GUI/build/CMakeFiles/CMakeTmp/CMakeFiles 1
Building CXX object CMakeFiles/cmTryCompileExec1549700.dir/CheckSymbolExists.cxx.o
/usr/bin/c++    -Wall -W -Werror -ansi -pedantic -g   -I/usr/include/qt4    -o CMakeFiles/cmTryCompileExec1549700.dir/CheckSymbolExists.cxx.o -c /root/NeuroLetter/GUI/build/CMakeFiles/CMakeTmp/CheckSymbolExists.cxx
In file included from /root/NeuroLetter/GUI/build/CMakeFiles/CMakeTmp/CheckSymbolExists.cxx:2:0:
/usr/include/qt4/QtCore/qglobal.h:928:1: error: ISO C++ 1998 does not support ‘long long’ [-Werror=long-long]
/usr/include/qt4/QtCore/qglobal.h:929:1: error: ISO C++ 1998 does not support ‘long long’ [-Werror=long-long]
/root/NeuroLetter/GUI/build/CMakeFiles/CMakeTmp/CheckSymbolExists.cxx: In function ‘int main(int, char**)’:
/root/NeuroLetter/GUI/build/CMakeFiles/CMakeTmp/CheckSymbolExists.cxx:8:19: error: ‘Q_WS_QWS’ was not declared in this scope
cc1plus: all warnings being treated as errors
make[1]: Leaving directory `/root/NeuroLetter/GUI/build/CMakeFiles/CMakeTmp'
make[1]: *** [CMakeFiles/cmTryCompileExec1549700.dir/CheckSymbolExists.cxx.o] Error 1
make: *** [cmTryCompileExec1549700/fast] Error 2

File /root/NeuroLetter/GUI/build/CMakeFiles/CMakeTmp/CheckSymbolExists.cxx:
/* */
#include <QtCore/qglobal.h>

int main(int argc, char** argv)
{
  (void)argv;
#ifndef Q_WS_QWS
  return ((int*)(&Q_WS_QWS))[argc];
#else
  (void)argc;
  return 0;
#endif
}

Determining if the Q_WS_MAC exist failed with the following output:
Change Dir: /root/NeuroLetter/GUI/build/CMakeFiles/CMakeTmp

Run Build Command:/usr/bin/make "cmTryCompileExec2395225191/fast"
/usr/bin/make -f CMakeFiles/cmTryCompileExec2395225191.dir/build.make CMakeFiles/cmTryCompileExec2395225191.dir/build
make[1]: Entering directory `/root/NeuroLetter/GUI/build/CMakeFiles/CMakeTmp'
/usr/bin/cmake -E cmake_progress_report /root/NeuroLetter/GUI/build/CMakeFiles/CMakeTmp/CMakeFiles 1
Building CXX object CMakeFiles/cmTryCompileExec2395225191.dir/CheckSymbolExists.cxx.o
/usr/bin/c++    -Wall -W -Werror -ansi -pedantic -g   -I/usr/include/qt4    -o CMakeFiles/cmTryCompileExec2395225191.dir/CheckSymbolExists.cxx.o -c /root/NeuroLetter/GUI/build/CMakeFiles/CMakeTmp/CheckSymbolExists.cxx
In file included from /root/NeuroLetter/GUI/build/CMakeFiles/CMakeTmp/CheckSymbolExists.cxx:2:0:
/usr/include/qt4/QtCore/qglobal.h:928:1: error: ISO C++ 1998 does not support ‘long long’ [-Werror=long-long]
/usr/include/qt4/QtCore/qglobal.h:929:1: error: ISO C++ 1998 does not support ‘long long’ [-Werror=long-long]
/root/NeuroLetter/GUI/build/CMakeFiles/CMakeTmp/CheckSymbolExists.cxx: In function ‘int main(int, char**)’:
/root/NeuroLetter/GUI/build/CMakeFiles/CMakeTmp/CheckSymbolExists.cxx:8:19: error: ‘Q_WS_MAC’ was not declared in this scope
cc1plus: all warnings being treated as errors
make[1]: Leaving directory `/root/NeuroLetter/GUI/build/CMakeFiles/CMakeTmp'
make[1]: *** [CMakeFiles/cmTryCompileExec2395225191.dir/CheckSymbolExists.cxx.o] Error 1
make: *** [cmTryCompileExec2395225191/fast] Error 2

File /root/NeuroLetter/GUI/build/CMakeFiles/CMakeTmp/CheckSymbolExists.cxx:
/* */
#include <QtCore/qglobal.h>

int main(int argc, char** argv)
{
  (void)argv;
#ifndef Q_WS_MAC
  return ((int*)(&Q_WS_MAC))[argc];
#else
  (void)argc;
  return 0;
#endif
}

